0 info it worked if it ends with ok
1 verbose cli [ 'C:\\Program Files (x86)\\nodejs\\node.exe',
1 verbose cli   'C:\\Program Files (x86)\\nodejs\\node_modules\\npm\\bin\\npm-cli.js',
1 verbose cli   'publish' ]
2 info using npm@3.10.10
3 info using node@v6.10.3
4 verbose publish [ '.' ]
5 silly cache add args [ '.', null ]
6 verbose cache add spec .
7 silly cache add parsed spec Result {
7 silly cache add   raw: '.',
7 silly cache add   scope: null,
7 silly cache add   escapedName: null,
7 silly cache add   name: null,
7 silly cache add   rawSpec: '.',
7 silly cache add   spec: 'D:\\DEV\\github\\ndx-circular',
7 silly cache add   type: 'directory' }
8 verbose addLocalDirectory C:\Users\lewis\AppData\Roaming\npm-cache\ndx-circular\0.0.1\package.tgz not in flight; packing
9 verbose correctMkdir C:\Users\lewis\AppData\Roaming\npm-cache correctMkdir not in flight; initializing
10 info lifecycle ndx-circular@0.0.1~prepublish: ndx-circular@0.0.1
11 silly lifecycle ndx-circular@0.0.1~prepublish: no script for prepublish, continuing
12 verbose tar pack [ 'C:\\Users\\lewis\\AppData\\Roaming\\npm-cache\\ndx-circular\\0.0.1\\package.tgz',
12 verbose tar pack   'D:\\DEV\\github\\ndx-circular' ]
13 verbose tarball C:\Users\lewis\AppData\Roaming\npm-cache\ndx-circular\0.0.1\package.tgz
14 verbose folder D:\DEV\github\ndx-circular
15 verbose addLocalTarball adding from inside cache C:\Users\lewis\AppData\Roaming\npm-cache\ndx-circular\0.0.1\package.tgz
16 verbose correctMkdir C:\Users\lewis\AppData\Roaming\npm-cache correctMkdir not in flight; initializing
17 silly cache afterAdd ndx-circular@0.0.1
18 verbose afterAdd C:\Users\lewis\AppData\Roaming\npm-cache\ndx-circular\0.0.1\package\package.json not in flight; writing
19 verbose correctMkdir C:\Users\lewis\AppData\Roaming\npm-cache correctMkdir not in flight; initializing
20 verbose afterAdd C:\Users\lewis\AppData\Roaming\npm-cache\ndx-circular\0.0.1\package\package.json written
21 silly publish { name: 'ndx-circular',
21 silly publish   version: '0.0.1',
21 silly publish   description: 'flatten/inflate cicular references',
21 silly publish   main: 'build/index.js',
21 silly publish   scripts: { test: 'node build/test.js' },
21 silly publish   repository:
21 silly publish    { type: 'git',
21 silly publish      url: 'git+https://github.com/ndxbxrme/ndx-circular.git' },
21 silly publish   author: { name: 'ndxbxrme' },
21 silly publish   license: 'MIT',
21 silly publish   homepage: 'https://github.com/ndxbxrme/ndx-circular',
21 silly publish   devDependencies:
21 silly publish    { grunt: '^1.0.2',
21 silly publish      'grunt-cli': '^1.2.0',
21 silly publish      'grunt-contrib-clean': '^1.1.0',
21 silly publish      'grunt-contrib-coffee': '^2.0.0',
21 silly publish      'grunt-contrib-nodeunit': '^1.0.0',
21 silly publish      'grunt-contrib-watch': '^1.0.0',
21 silly publish      'load-grunt-tasks': '^3.5.2' },
21 silly publish   readme: '# ndx-circular',
21 silly publish   readmeFilename: 'README.md',
21 silly publish   gitHead: 'eae3dac33133da148aa419c96a9c0b1ebeda78fb',
21 silly publish   bugs: { url: 'https://github.com/ndxbxrme/ndx-circular/issues' },
21 silly publish   _id: 'ndx-circular@0.0.1',
21 silly publish   _shasum: '1a0c43634cef7e56a5f5f20eded6b12219047b81',
21 silly publish   _from: '.' }
22 verbose getPublishConfig undefined
23 silly mapToRegistry name ndx-circular
24 silly mapToRegistry using default registry
25 silly mapToRegistry registry https://registry.npmjs.org/
26 silly mapToRegistry data Result {
26 silly mapToRegistry   raw: 'ndx-circular',
26 silly mapToRegistry   scope: null,
26 silly mapToRegistry   escapedName: 'ndx-circular',
26 silly mapToRegistry   name: 'ndx-circular',
26 silly mapToRegistry   rawSpec: '',
26 silly mapToRegistry   spec: 'latest',
26 silly mapToRegistry   type: 'tag' }
27 silly mapToRegistry uri https://registry.npmjs.org/ndx-circular
28 verbose publish registryBase https://registry.npmjs.org/
29 silly publish uploading C:\Users\lewis\AppData\Roaming\npm-cache\ndx-circular\0.0.1\package.tgz
30 verbose request uri https://registry.npmjs.org/ndx-circular
31 verbose request sending authorization for write operation
32 info attempt registry request try #1 at 3:29:07 PM
33 verbose request using bearer token for auth
34 verbose request id 1c8ec1d4dd453f29
35 http request PUT https://registry.npmjs.org/ndx-circular
36 http 403 https://registry.npmjs.org/ndx-circular
37 verbose headers { 'content-type': 'application/json',
37 verbose headers   'cache-control': 'max-age=300',
37 verbose headers   'content-length': '93',
37 verbose headers   'accept-ranges': 'bytes',
37 verbose headers   date: 'Sat, 24 Mar 2018 15:28:58 GMT',
37 verbose headers   via: '1.1 varnish',
37 verbose headers   connection: 'keep-alive',
37 verbose headers   'x-served-by': 'cache-lcy19227-LCY',
37 verbose headers   'x-cache': 'MISS',
37 verbose headers   'x-cache-hits': '0',
37 verbose headers   'x-timer': 'S1521905338.765506,VS0,VE1223',
37 verbose headers   vary: 'Accept-Encoding, Accept' }
38 verbose request invalidating C:\Users\lewis\AppData\Roaming\npm-cache\registry.npmjs.org\ndx-circular on PUT
39 error publish Failed PUT 403
40 verbose stack Error: You cannot publish over the previously published versions: 0.0.1. : ndx-circular
40 verbose stack     at makeError (C:\Program Files (x86)\nodejs\node_modules\npm\node_modules\npm-registry-client\lib\request.js:302:12)
40 verbose stack     at CachingRegistryClient.<anonymous> (C:\Program Files (x86)\nodejs\node_modules\npm\node_modules\npm-registry-client\lib\request.js:290:14)
40 verbose stack     at Request._callback (C:\Program Files (x86)\nodejs\node_modules\npm\node_modules\npm-registry-client\lib\request.js:210:14)
40 verbose stack     at Request.self.callback (C:\Program Files (x86)\nodejs\node_modules\npm\node_modules\request\request.js:187:22)
40 verbose stack     at emitTwo (events.js:106:13)
40 verbose stack     at Request.emit (events.js:191:7)
40 verbose stack     at Request.<anonymous> (C:\Program Files (x86)\nodejs\node_modules\npm\node_modules\request\request.js:1048:10)
40 verbose stack     at emitOne (events.js:96:13)
40 verbose stack     at Request.emit (events.js:188:7)
40 verbose stack     at IncomingMessage.<anonymous> (C:\Program Files (x86)\nodejs\node_modules\npm\node_modules\request\request.js:969:12)
41 verbose statusCode 403
42 verbose pkgid ndx-circular
43 verbose cwd D:\DEV\github\ndx-circular
44 error Windows_NT 6.1.7601
45 error argv "C:\\Program Files (x86)\\nodejs\\node.exe" "C:\\Program Files (x86)\\nodejs\\node_modules\\npm\\bin\\npm-cli.js" "publish"
46 error node v6.10.3
47 error npm  v3.10.10
48 error code E403
49 error You cannot publish over the previously published versions: 0.0.1. : ndx-circular
50 error If you need help, you may report this error at:
50 error     <https://github.com/npm/npm/issues>
51 verbose exit [ 1, true ]
